cwrig@WINDOWS-KM1MIJU:/mnt/c/School/CS3358/A08/Assign08SuppliedFiles$ ./a8
capacity initially: 101
used initially:     0
select dictionary (s = small, others = big): s
loading dictionary . . .
dictionary loaded in 0 seconds . . .
capacity post-load: 863
used post-load:     341
load-factor:        0.395133

Content of selected hash table segment:
[10]:
[11]: suppose
[12]: traditionally
[13]:
[14]: specified
[15]: when
[16]:
[17]:
[18]: spell
[19]:
[20]:
[21]:
[22]: be
[23]:
[24]: adjacent
[25]:
[26]:
[27]:
[28]:
[29]:

Scatter plot of where hash table is used:
  0 -  85: **********************************
 86 - 171: *************************************
172 - 257: ****************************
258 - 343: **************************************
344 - 429: ********************************
430 - 515: **********************************
516 - 601: ***************************
602 - 687: ***********************************
688 - 773: *******************************
774 - 859: ******************************************
860 - 862: ***

Enter word to spell check: adjacent

adjacent matches a word in dictionary ~ o ~

More word to spell check? (y/n): y
Enter word to spell check: bobcat

bobcat not found in dictionary . . .
   no near match(es) to suggest :-(

More word to spell check? (y/n): y
Enter word to spell check: foo

foo not found in dictionary . . .
   near match(es): for

More word to spell check? (y/n): y
Enter word to spell check: wird

wird not found in dictionary . . .
   near match(es): bird  gird  ward  word  wild  wind  wire  wiry

More word to spell check? (y/n): n
******* bye *******
cwrig@WINDOWS-KM1MIJU:/mnt/c/School/CS3358/A08/Assign08SuppliedFiles$ ./a8
capacity initially: 101
used initially:     0
select dictionary (s = small, others = big): others
loading dictionary . . .
dictionary loaded in 17.125 seconds . . .
capacity post-load: 111227
used post-load:     34829
load-factor:        0.313134

Content of selected hash table segment:
[10]: investigation
[11]:
[12]: poisoned
[13]:
[14]:
[15]: concerts
[16]: fruitful
[17]: lazily
[18]:
[19]:
[20]: deeded
[21]:
[22]:
[23]:
[24]: exasperating
[25]: tantalizingly
[26]: poisoner
[27]: peals
[28]: obliterate
[29]: reeled

Scatter plot of where hash table is used:
     0 -    443: *****************************************************************************************************************************************************
   444 -    887: *******************************************************************************************************************************************************************
   888 -   1331: **********************************************************************************************************************
  1332 -   1775: ***************************************************************************************************************************************************
  1776 -   2219: ***********************************************************************************************************************************************
  2220 -   2663: **********************************************************************************************************************************
  2664 -   3107: **********************************************************************************************************************************
  3108 -   3551: **********************************************************************************************************************************
  3552 -   3995: ********************************************************************************************************************************************************
  3996 -   4439: **********************************************************************************************************************************
  4440 -   4883: *********************************************************************************************************************************************************
  4884 -   5327: *********************************************************************************************************************************************
  5328 -   5771: ***********************************************************************************************************************
  5772 -   6215: ***************************************************************************************************************************************
  6216 -   6659: ***************************************************************************************************************************
  6660 -   7103: ***************************************************************************************************************************************************
  7104 -   7547: *********************************************************************************************************************************************************
  7548 -   7991: ***************************************************************************************************************************************************
  7992 -   8435: **************************************************************************************************************************************************
  8436 -   8879: ***********************************************************************************************************************************************
  8880 -   9323: ***************************************************************************************************************************************************
  9324 -   9767: *******************************************************************************************************************************
  9768 -  10211: ***************************************************************************************************************************
 10212 -  10655: ********************************************************************************************************************************************************
 10656 -  11099: ***********************************************************************************************************************************************************
 11100 -  11543: ***********************************************************************************************************************************************
 11544 -  11987: *********************************************************************************************************************************************
 11988 -  12431: **********************************************************************************************************************************************
 12432 -  12875: ***********************************************************************************************************************
 12876 -  13319: ********************************************************************************************************************************************
 13320 -  13763: ******************************************************************************************************************************
 13764 -  14207: **********************************************************************************************************************************
 14208 -  14651: **********************************************************************************************************************************
 14652 -  15095: *****************************************************************************************************************************
 15096 -  15539: *****************************************************************************************************************************************************
 15540 -  15983: **********************************************************************************************************************************************************
 15984 -  16427: *******************************************************************************************************************************************
 16428 -  16871: ********************************************************************************************************************************************
 16872 -  17315: *************************************************************************************************************************************
 17316 -  17759: *******************************************************************************************************************************
 17760 -  18203: *********************************************************************************************************************************
 18204 -  18647: ********************************************************************************************************************************************************************
 18648 -  19091: *********************************************************************************************************************************
 19092 -  19535: ***************************************************************************************************************************************
 19536 -  19979: *********************************************************************************************************************
 19980 -  20423: ************************************************************************************************************
 20424 -  20867: **********************************************************************************************************************
 20868 -  21311: ******************************************************************************************************************************************
 21312 -  21755: **************************************************************************************************************************
 21756 -  22199: ***********************************************************************************************************************************
 22200 -  22643: ************************************************************************************************************************
 22644 -  23087: *************************************************************************************************************************************************************************
 23088 -  23531: ********************************************************************************************************************************************
 23532 -  23975: ********************************************************************************************************************
 23976 -  24419: **************************************************************************************************************************************
 24420 -  24863: *****************************************************************************************************************************************
 24864 -  25307: *************************************************************************************************************************
 25308 -  25751: *****************************************************************************************************************************
 25752 -  26195: ********************************************************************************************************************************************************************************
 26196 -  26639: ******************************************************************************************************************************************************************************
 26640 -  27083: ***************************************************************************************************************************************************
 27084 -  27527: ************************************************************************************************************************************
 27528 -  27971: ************************************************************************************************************************************************
 27972 -  28415: **********************************************************************************************************************************************
 28416 -  28859: *********************************************************************************************************
 28860 -  29303: **************************************************************************************************************************
 29304 -  29747: ***********************************************************************************************************************************
 29748 -  30191: **********************************************************************************************************************
 30192 -  30635: **************************************************************************************************************************************************
 30636 -  31079: *********************************************************************************************************************************************
 31080 -  31523: *****************************************************************************************************************************************
 31524 -  31967: **************************************************************************************************************************************************
 31968 -  32411: ********************************************************************************************************************************************
 32412 -  32855: ************************************************************************************************************************************************
 32856 -  33299: ************************************************************************************************************************************************
 33300 -  33743: *****************************************************************************************************************************************************************
 33744 -  34187: ***************************************************************************************************************************
 34188 -  34631: ****************************************************************************************************************
 34632 -  35075: *********************************************************************************************************************************************************
 35076 -  35519: ********************************************************************************************************************************************
 35520 -  35963: ***********************************************************************************************************************
 35964 -  36407: ********************************************************************************************************************************************************
 36408 -  36851: ******************************************************************************************************************************************************************
 36852 -  37295: **************************************************************************************************************************************************
 37296 -  37739: *************************************************************************************************************************************************************
 37740 -  38183: ********************************************************************************************************************************************
 38184 -  38627: *************************************************************************************************************************************************
 38628 -  39071: ****************************************************************************************************************
 39072 -  39515: *********************************************************************************************************************************
 39516 -  39959: *************************************************************************************************************************
 39960 -  40403: ******************************************************************************************************************************************
 40404 -  40847: *************************************************************************************************************************************************************************
 40848 -  41291: ****************************************************************************************************************************************************************
 41292 -  41735: **********************************************************************************************************************************************
 41736 -  42179: ********************************************************************************************************************************************************
 42180 -  42623: ******************************************************************************************************************************************
 42624 -  43067: *******************************************************************************************************************
 43068 -  43511: *********************************************************************************************************************************************
 43512 -  43955: *****************************************************************************************************************************
 43956 -  44399: ******************************************************************************************************************************
 44400 -  44843: ********************************************************************************************************************************************************
 44844 -  45287: *******************************************************************************************************************************************************************************************
 45288 -  45731: *********************************************************************************************************************************************************
 45732 -  46175: *************************************************************************************************************************************
 46176 -  46619: ****************************************************************************************************************************************
 46620 -  47063: ************************************************************************************************************************************
 47064 -  47507: *************************************************************************************************************************
 47508 -  47951: ***************************************************************************************************************************************
 47952 -  48395: **************************************************************************************************************************************************************
 48396 -  48839: **************************************************************************************************************************************************
 48840 -  49283: ******************************************************************************************************************************************************
 49284 -  49727: *************************************************************************************************************************************
 49728 -  50171: *******************************************************************************************************************************************
 50172 -  50615: *****************************************************************************************************************
 50616 -  51059: *****************************************************************************************************************************************************
 51060 -  51503: *********************************************************************************************************************************************************************
 51504 -  51947: ***********************************************************************************************************************************************************
 51948 -  52391: ***************************************************************************************************************************************************************
 52392 -  52835: **************************************************************************************************************************************************
 52836 -  53279: **********************************************************************************************************************************************
 53280 -  53723: ******************************************************************************************************************************************
 53724 -  54167: *********************************************************************************************************************************
 54168 -  54611: **************************************************************************************************************************************************
 54612 -  55055: *************************************************************************************************************************************
 55056 -  55499: *********************************************************************************************************************************************************
 55500 -  55943: ************************************************************************************************************************************************************
 55944 -  56387: **************************************************************************************************************************************
 56388 -  56831: **********************************************************************************************************************************
 56832 -  57275: *************************************************************************************************************************
 57276 -  57719: ***********************************************************************************************************************************
 57720 -  58163: **********************************************************************************************************************************************************
 58164 -  58607: ***********************************************************************************************************************************
 58608 -  59051: *************************************************************************************************************************************
 59052 -  59495: **********************************************************************************************************************************
 59496 -  59939: ****************************************************************************************************************************
 59940 -  60383: ****************************************************************************************************************************************************
 60384 -  60827: **********************************************************************************************************************************************
 60828 -  61271: *********************************************************************************************************************************************
 61272 -  61715: *****************************************************************************************************************************************************
 61716 -  62159: *********************************************************************************************************************************************************************
 62160 -  62603: ****************************************************************************************************************************************************************************
 62604 -  63047: ************************************************************************************************************************************************************************
 63048 -  63491: *********************************************************************************************************************************************************************************
 63492 -  63935: **********************************************************************************************************************
 63936 -  64379: ***************************************************************************************************************************
 64380 -  64823: *******************************************************************************************************************************************************
 64824 -  65267: ***********************************************************************************************************************************************
 65268 -  65711: ************************************************************************************************************************************
 65712 -  66155: *********************************************************************************************************************************************
 66156 -  66599: ******************************************************************************************************************************************
 66600 -  67043: ***************************************************************************************************************************************************
 67044 -  67487: *********************************************************************************************************************************
 67488 -  67931: ***********************************************************************************************************************************************************
 67932 -  68375: *********************************************************************************************************************************************
 68376 -  68819: **************************************************************************************************************************************************************
 68820 -  69263: *****************************************************************************************************************************************
 69264 -  69707: ***************************************************************************************************************************************
 69708 -  70151: *******************************************************************************************************************************************
 70152 -  70595: ***********************************************************************************************************************************************************************
 70596 -  71039: ******************************************************************************************************************************************************
 71040 -  71483: *********************************************************************************************************************************************************************
 71484 -  71927: ***********************************************************************************************************************************************
 71928 -  72371: ************************************************************************************************************************************
 72372 -  72815: **************************************************************************************************************************************************************
 72816 -  73259: *******************************************************************************************************************************
 73260 -  73703: ************************************************************************************************************************************************
 73704 -  74147: ***************************************************************************************************************************************************************
 74148 -  74591: ************************************************************************************************************************************************
 74592 -  75035: ***********************************************************************************************************
 75036 -  75479: ********************************************************************************************************************
 75480 -  75923: ***********************************************************************************************************************************************************
 75924 -  76367: ******************************************************************************************************************************************************
 76368 -  76811: ***************************************************************************************************************************************
 76812 -  77255: ***********************************************************************************************************************************
 77256 -  77699: *************************************************************************************************************************************************************
 77700 -  78143: ****************************************************************************************************************************
 78144 -  78587: *************************************************************************************************************************************************************
 78588 -  79031: ********************************************************************************************************************************************************************************
 79032 -  79475: *********************************************************************************************************************************************************************************
 79476 -  79919: **********************************************************************************************************************************************************
 79920 -  80363: *******************************************************************************************************************************
 80364 -  80807: *****************************************************************************************************************************
 80808 -  81251: *************************************************************************************************************************************************************************
 81252 -  81695: ***********************************************************************************************************************************************************
 81696 -  82139: **********************************************************************************************************************************************
 82140 -  82583: **********************************************************************************************************************
 82584 -  83027: ***************************************************************************************************************************************
 83028 -  83471: **********************************************************************************************************************************************
 83472 -  83915: ***************************************************************************************************************************************
 83916 -  84359: *********************************************************************************************************************
 84360 -  84803: ******************************************************************************************************************************
 84804 -  85247: *******************************************************************************************************************************************
 85248 -  85691: ***************************************************************************************************************************
 85692 -  86135: ***************************************************************************************************************************************************************
 86136 -  86579: **************************************************************************************************************************************************************
 86580 -  87023: ***********************************************************************************************************************************
 87024 -  87467: **************************************************************************************************************************************
 87468 -  87911: **************************************************************************************************************************************************************
 87912 -  88355: ************************************************************************************************************************************************
 88356 -  88799: *****************************************************************************************************************************
 88800 -  89243: ***********************************************************************************************************************************
 89244 -  89687: *************************************************************************************************************************
 89688 -  90131: ********************************************************************************************************************
 90132 -  90575: ********************************************************************************************************************************************
 90576 -  91019: **************************************************************************************************************************************
 91020 -  91463: *****************************************************************************************************************************
 91464 -  91907: ********************************************************************************************************************
 91908 -  92351: *****************************************************************************************************************************************************
 92352 -  92795: ******************************************************************************************************************************
 92796 -  93239: ***********************************************************************************************************************************
 93240 -  93683: *******************************************************************************************************************************************
 93684 -  94127: ************************************************************************************************************************
 94128 -  94571: ************************************************************************************************************************************************************
 94572 -  95015: ************************************************************************************************************************************************************
 95016 -  95459: ****************************************************************************************************************************************************
 95460 -  95903: ******************************************************************************************************************************************
 95904 -  96347: ******************************************************************************************************************************************
 96348 -  96791: *******************************************************************************************************************************
 96792 -  97235: **********************************************************************************************************************************************
 97236 -  97679: *****************************************************************************************************************************************
 97680 -  98123: *****************************************************************************************************************************
 98124 -  98567: ***************************************************************************************************************************************************
 98568 -  99011: **************************************************************************************************************************************
 99012 -  99455: *********************************************************************************************************************************************
 99456 -  99899: **************************************************************************************************************************
 99900 - 100343: ***********************************************************************************************************
100344 - 100787: *******************************************************************************************************************
100788 - 101231: ************************************************************************************************************************************************
101232 - 101675: *************************************************************************************************************************************************
101676 - 102119: *************************************************************************************************************************
102120 - 102563: **********************************************************************************************************************
102564 - 103007: ************************************************************************************************************************************************
103008 - 103451: ************************************************************************************************************************************
103452 - 103895: ************************************************************************************************************************
103896 - 104339: *******************************************************************************************************************************************
104340 - 104783: *********************************************************************************************************************************************
104784 - 105227: **************************************************************************************************************************
105228 - 105671: *********************************************************************************************************************
105672 - 106115: ***********************************************************************************************************************
106116 - 106559: *********************************************************************************************************************************************
106560 - 107003: ***************************************************************************************************************************************************
107004 - 107447: ***********************************************************************************************************************************
107448 - 107891: **********************************************************************************************************************************
107892 - 108335: ******************************************************************************************************************************************************************************************
108336 - 108779: ***************************************************************************************************************************************************************
108780 - 109223: **********************************************************************************************************************************************************
109224 - 109667: **************************************************************************************************************************************
109668 - 110111: *************************************************************************************************************************************************************
110112 - 110555: ********************************************************************************************************************************
110556 - 110999: ******************************************************************************************************************
111000 - 111226: **********************************************************

Enter word to spell check: last

last matches a word in dictionary ~ o ~

More word to spell check? (y/n): y
Enter word to spell check: assignment

assignment matches a word in dictionary ~ o ~

More word to spell check? (y/n): y
Enter word to spell check: finito

finito not found in dictionary . . .
   near match(es): finite

More word to spell check? (y/n): n
******* bye *******